<?xml version="1.0" encoding="UTF-8"?>
<!-- Generated by org.testng.reporters.JUnitXMLReporter -->
<testsuite ignored="0" hostname="DESKTOP-1OQPK0U" failures="1" tests="2" name="FaceBook Login Test " time="32.485" errors="0" timestamp="2020-11-26T16:01:15 IST">
  <testcase classname="com.qa.test.cases.LoginPageTest" name="LoginPageTitle" time="5.465"/>
  <testcase classname="com.qa.test.cases.FaceBookMainPageTest" name="Test_ValidateFaceBookTitle" time="4.013">
    <failure type="java.lang.AssertionError" message="this facebook assertion not matched expected [FaceBook] but found [Facebook – log in or sign up]">
      <![CDATA[java.lang.AssertionError: this facebook assertion not matched expected [FaceBook] but found [Facebook – log in or sign up]
at com.qa.test.cases.FaceBookMainPageTest.Test_ValidateFaceBookTitle(FaceBookMainPageTest.java:34)
at java.base/java.util.ArrayList.forEach(ArrayList.java:1511)
... Removed 32 stack frames]]>
    </failure>
  </testcase> <!-- Test_ValidateFaceBookTitle -->
</testsuite> <!-- FaceBook Login Test  -->
