<?xml version="1.0" encoding="UTF-8"?>
<testng-results ignored="0" total="2" passed="1" failed="1" skipped="0">
  <reporter-output>
  </reporter-output>
  <suite started-at="2020-11-26T16:00:42 IST" name="This is Test Suite  - FaceBook Testing Suite" finished-at="2020-11-26T16:01:15 IST" duration-ms="32485">
    <groups>
    </groups>
    <test started-at="2020-11-26T16:00:42 IST" name="FaceBook Login Test " finished-at="2020-11-26T16:01:15 IST" duration-ms="32485">
      <class name="com.qa.test.cases.FaceBookMainPageTest">
        <test-method is-config="true" signature="Setup()[pri:0, instance:com.qa.test.cases.FaceBookMainPageTest@59d016c9]" started-at="2020-11-26T16:00:59 IST" name="Setup" finished-at="2020-11-26T16:01:09 IST" duration-ms="9819" status="PASS">
          <reporter-output>
          </reporter-output>
        </test-method> <!-- Setup -->
        <test-method signature="Test_ValidateFaceBookTitle()[pri:0, instance:com.qa.test.cases.FaceBookMainPageTest@59d016c9]" started-at="2020-11-26T16:01:09 IST" name="Test_ValidateFaceBookTitle" finished-at="2020-11-26T16:01:13 IST" duration-ms="4013" status="FAIL">
          <exception class="java.lang.AssertionError">
            <message>
              <![CDATA[this facebook assertion not matched expected [FaceBook] but found [Facebook – log in or sign up]]]>
            </message>
            <full-stacktrace>
              <![CDATA[java.lang.AssertionError: this facebook assertion not matched expected [FaceBook] but found [Facebook – log in or sign up]
at org.testng.Assert.fail(Assert.java:99)
at org.testng.Assert.failNotEquals(Assert.java:1037)
at org.testng.Assert.assertEqualsImpl(Assert.java:140)
at org.testng.Assert.assertEquals(Assert.java:122)
at org.testng.Assert.assertEquals(Assert.java:629)
at com.qa.test.cases.FaceBookMainPageTest.Test_ValidateFaceBookTitle(FaceBookMainPageTest.java:34)
at java.base/jdk.internal.reflect.NativeMethodAccessorImpl.invoke0(Native Method)
at java.base/jdk.internal.reflect.NativeMethodAccessorImpl.invoke(NativeMethodAccessorImpl.java:64)
at java.base/jdk.internal.reflect.DelegatingMethodAccessorImpl.invoke(DelegatingMethodAccessorImpl.java:43)
at java.base/java.lang.reflect.Method.invoke(Method.java:564)
at org.testng.internal.MethodInvocationHelper.invokeMethod(MethodInvocationHelper.java:132)
at org.testng.internal.TestInvoker.invokeMethod(TestInvoker.java:599)
at org.testng.internal.TestInvoker.invokeTestMethod(TestInvoker.java:174)
at org.testng.internal.MethodRunner.runInSequence(MethodRunner.java:46)
at org.testng.internal.TestInvoker$MethodInvocationAgent.invoke(TestInvoker.java:822)
at org.testng.internal.TestInvoker.invokeTestMethods(TestInvoker.java:147)
at org.testng.internal.TestMethodWorker.invokeTestMethods(TestMethodWorker.java:146)
at org.testng.internal.TestMethodWorker.run(TestMethodWorker.java:128)
at java.base/java.util.ArrayList.forEach(ArrayList.java:1511)
at org.testng.TestRunner.privateRun(TestRunner.java:764)
at org.testng.TestRunner.run(TestRunner.java:585)
at org.testng.SuiteRunner.runTest(SuiteRunner.java:384)
at org.testng.SuiteRunner.runSequentially(SuiteRunner.java:378)
at org.testng.SuiteRunner.privateRun(SuiteRunner.java:337)
at org.testng.SuiteRunner.run(SuiteRunner.java:286)
at org.testng.SuiteRunnerWorker.runSuite(SuiteRunnerWorker.java:53)
at org.testng.SuiteRunnerWorker.run(SuiteRunnerWorker.java:96)
at org.testng.TestNG.runSuitesSequentially(TestNG.java:1218)
at org.testng.TestNG.runSuitesLocally(TestNG.java:1140)
at org.testng.TestNG.runSuites(TestNG.java:1069)
at org.testng.TestNG.run(TestNG.java:1037)
at org.testng.remote.AbstractRemoteTestNG.run(AbstractRemoteTestNG.java:115)
at org.testng.remote.RemoteTestNG.initAndRun(RemoteTestNG.java:251)
at org.testng.remote.RemoteTestNG.main(RemoteTestNG.java:77)
]]>
            </full-stacktrace>
          </exception> <!-- java.lang.AssertionError -->
          <reporter-output>
          </reporter-output>
        </test-method> <!-- Test_ValidateFaceBookTitle -->
        <test-method is-config="true" signature="Logout()[pri:0, instance:com.qa.test.cases.FaceBookMainPageTest@59d016c9]" started-at="2020-11-26T16:01:13 IST" name="Logout" finished-at="2020-11-26T16:01:15 IST" duration-ms="1281" status="PASS">
          <reporter-output>
          </reporter-output>
        </test-method> <!-- Logout -->
      </class> <!-- com.qa.test.cases.FaceBookMainPageTest -->
      <class name="com.qa.test.cases.LoginPageTest">
        <test-method is-config="true" signature="Setup()[pri:0, instance:com.qa.test.cases.LoginPageTest@4b5a5ed1]" started-at="2020-11-26T16:00:42 IST" name="Setup" finished-at="2020-11-26T16:00:53 IST" duration-ms="10429" status="PASS">
          <reporter-output>
          </reporter-output>
        </test-method> <!-- Setup -->
        <test-method signature="LoginPageTitle()[pri:0, instance:com.qa.test.cases.LoginPageTest@4b5a5ed1]" started-at="2020-11-26T16:00:53 IST" name="LoginPageTitle" finished-at="2020-11-26T16:00:58 IST" duration-ms="5465" status="PASS">
          <reporter-output>
          </reporter-output>
        </test-method> <!-- LoginPageTitle -->
        <test-method is-config="true" signature="teardown()[pri:0, instance:com.qa.test.cases.LoginPageTest@4b5a5ed1]" started-at="2020-11-26T16:00:58 IST" name="teardown" finished-at="2020-11-26T16:00:59 IST" duration-ms="1402" status="PASS">
          <reporter-output>
          </reporter-output>
        </test-method> <!-- teardown -->
      </class> <!-- com.qa.test.cases.LoginPageTest -->
    </test> <!-- FaceBook Login Test  -->
  </suite> <!-- This is Test Suite  - FaceBook Testing Suite -->
</testng-results>
